  [1m[35m (0.1ms)[0m  [1m[34mSELECT sqlite_version(*)[0m
  ↳ /home/eli/.rvm/gems/ruby-2.5.1/bin/rake:23
  [1m[35m (19.4ms)[0m  [1m[35mCREATE TABLE "schema_migrations" ("version" varchar NOT NULL PRIMARY KEY)[0m
  ↳ /home/eli/.rvm/gems/ruby-2.5.1/bin/rake:23
  [1m[35m (16.2ms)[0m  [1m[35mCREATE TABLE "ar_internal_metadata" ("key" varchar NOT NULL PRIMARY KEY, "value" varchar, "created_at" datetime NOT NULL, "updated_at" datetime NOT NULL)[0m
  ↳ /home/eli/.rvm/gems/ruby-2.5.1/bin/rake:23
  [1m[35m (0.3ms)[0m  [1m[34mSELECT "schema_migrations"."version" FROM "schema_migrations" ORDER BY "schema_migrations"."version" ASC[0m
  ↳ /home/eli/.rvm/gems/ruby-2.5.1/bin/rake:23
Migrating to CreateCharacters (20200211235642)
  [1m[35m (0.1ms)[0m  [1m[36mbegin transaction[0m
  ↳ /home/eli/.rvm/gems/ruby-2.5.1/bin/rake:23
  [1m[35m (0.7ms)[0m  [1m[35mCREATE TABLE "characters" ("id" integer PRIMARY KEY AUTOINCREMENT NOT NULL, "name" varchar, "role" varchar, "race" varchar, "gender" varchar, "age" integer, "created_at" datetime NOT NULL, "updated_at" datetime NOT NULL)[0m
  ↳ db/migrate/20200211235642_create_characters.rb:3
  [1m[36mActiveRecord::SchemaMigration Create (0.2ms)[0m  [1m[32mINSERT INTO "schema_migrations" ("version") VALUES (?)[0m  [["version", "20200211235642"]]
  ↳ /home/eli/.rvm/gems/ruby-2.5.1/bin/rake:23
  [1m[35m (17.7ms)[0m  [1m[36mcommit transaction[0m
  ↳ /home/eli/.rvm/gems/ruby-2.5.1/bin/rake:23
  [1m[36mActiveRecord::InternalMetadata Load (0.3ms)[0m  [1m[34mSELECT  "ar_internal_metadata".* FROM "ar_internal_metadata" WHERE "ar_internal_metadata"."key" = ? LIMIT ?[0m  [["key", "environment"], ["LIMIT", 1]]
  ↳ /home/eli/.rvm/gems/ruby-2.5.1/bin/rake:23
  [1m[35m (0.1ms)[0m  [1m[36mbegin transaction[0m
  ↳ /home/eli/.rvm/gems/ruby-2.5.1/bin/rake:23
  [1m[36mActiveRecord::InternalMetadata Create (0.4ms)[0m  [1m[32mINSERT INTO "ar_internal_metadata" ("key", "value", "created_at", "updated_at") VALUES (?, ?, ?, ?)[0m  [["key", "environment"], ["value", "development"], ["created_at", "2020-02-11 23:56:58.075163"], ["updated_at", "2020-02-11 23:56:58.075163"]]
  ↳ /home/eli/.rvm/gems/ruby-2.5.1/bin/rake:23
  [1m[35m (12.4ms)[0m  [1m[36mcommit transaction[0m
  ↳ /home/eli/.rvm/gems/ruby-2.5.1/bin/rake:23
  [1m[35m (0.3ms)[0m  [1m[34mSELECT "schema_migrations"."version" FROM "schema_migrations" ORDER BY "schema_migrations"."version" ASC[0m
  ↳ /home/eli/.rvm/gems/ruby-2.5.1/bin/rake:23
Started GET "/" for 127.0.0.1 at 2020-02-11 20:58:23 -0300
  [1m[35m (0.2ms)[0m  [1m[34mSELECT "schema_migrations"."version" FROM "schema_migrations" ORDER BY "schema_migrations"."version" ASC[0m
  ↳ /home/eli/.rvm/gems/ruby-2.5.1/gems/activerecord-5.2.4.1/lib/active_record/log_subscriber.rb:98
Processing by CharactersController#index as HTML
  Rendering characters/index.html.erb within layouts/application
  [1m[36mCharacter Load (0.1ms)[0m  [1m[34mSELECT "characters".* FROM "characters"[0m
  ↳ app/views/characters/index.html.erb:18
  Rendered characters/index.html.erb within layouts/application (3.6ms)
Completed 200 OK in 1405ms (Views: 1399.3ms | ActiveRecord: 0.5ms)


Started GET "/characters/new" for 127.0.0.1 at 2020-02-11 20:58:29 -0300
Processing by CharactersController#new as HTML
  Rendering characters/new.html.erb within layouts/application
  Rendered characters/_form.html.erb (18.1ms)
  Rendered characters/new.html.erb within layouts/application (19.7ms)
Completed 200 OK in 58ms (Views: 44.4ms | ActiveRecord: 0.7ms)


Started POST "/characters" for 127.0.0.1 at 2020-02-11 20:59:22 -0300
Processing by CharactersController#create as HTML
  Parameters: {"utf8"=>"✓", "authenticity_token"=>"s27rzymo3Q27/KtV2YXFIdb6VNek3nnNdvodAkqm/e/R5bushj0GgR+29PHSnFxbYq01hCVezGUTtWMxHK198Q==", "character"=>{"name"=>"Zero", "role"=>"Blademaster", "race"=>"Wiggler", "gender"=>"Male", "age"=>"27"}, "commit"=>"Create Character"}
  [1m[35m (0.1ms)[0m  [1m[36mbegin transaction[0m
  ↳ app/controllers/characters_controller.rb:30
  [1m[36mCharacter Create (0.5ms)[0m  [1m[32mINSERT INTO "characters" ("name", "role", "race", "gender", "age", "created_at", "updated_at") VALUES (?, ?, ?, ?, ?, ?, ?)[0m  [["name", "Zero"], ["role", "Blademaster"], ["race", "Wiggler"], ["gender", "Male"], ["age", 27], ["created_at", "2020-02-11 23:59:22.037954"], ["updated_at", "2020-02-11 23:59:22.037954"]]
  ↳ app/controllers/characters_controller.rb:30
  [1m[35m (21.2ms)[0m  [1m[36mcommit transaction[0m
  ↳ app/controllers/characters_controller.rb:30
Redirected to http://localhost:3000/characters/1
Completed 302 Found in 36ms (ActiveRecord: 21.8ms)


Started GET "/characters/1" for 127.0.0.1 at 2020-02-11 20:59:22 -0300
Processing by CharactersController#show as HTML
  Parameters: {"id"=>"1"}
  [1m[36mCharacter Load (0.3ms)[0m  [1m[34mSELECT  "characters".* FROM "characters" WHERE "characters"."id" = ? LIMIT ?[0m  [["id", 1], ["LIMIT", 1]]
  ↳ app/controllers/characters_controller.rb:67
  Rendering characters/show.html.erb within layouts/application
  Rendered characters/show.html.erb within layouts/application (2.1ms)
Completed 200 OK in 45ms (Views: 38.4ms | ActiveRecord: 0.3ms)


Started GET "/characters" for 127.0.0.1 at 2020-02-11 20:59:27 -0300
Processing by CharactersController#index as HTML
  Rendering characters/index.html.erb within layouts/application
  [1m[36mCharacter Load (0.3ms)[0m  [1m[34mSELECT "characters".* FROM "characters"[0m
  ↳ app/views/characters/index.html.erb:18
  Rendered characters/index.html.erb within layouts/application (4.4ms)
Completed 200 OK in 42ms (Views: 38.1ms | ActiveRecord: 0.3ms)


Started GET "/characters/new" for 127.0.0.1 at 2020-02-11 20:59:31 -0300
Processing by CharactersController#new as HTML
  Rendering characters/new.html.erb within layouts/application
  Rendered characters/_form.html.erb (6.9ms)
  Rendered characters/new.html.erb within layouts/application (8.8ms)
Completed 200 OK in 43ms (Views: 40.9ms | ActiveRecord: 0.0ms)


Started POST "/characters" for 127.0.0.1 at 2020-02-11 21:00:24 -0300
Processing by CharactersController#create as HTML
  Parameters: {"utf8"=>"✓", "authenticity_token"=>"q30is4cCmuAqDPZFGXXjvI4K2gx7peHkECw+sv56FuzJ9nLQKJdBbI5GqeESbHrGOl27X/olVEx1Y0CBqHGW8g==", "character"=>{"name"=>"Lizard", "role"=>"Blademaster", "race"=>"Human", "gender"=>"Female", "age"=>"28"}, "commit"=>"Create Character"}
  [1m[35m (0.1ms)[0m  [1m[36mbegin transaction[0m
  ↳ app/controllers/characters_controller.rb:30
  [1m[36mCharacter Create (0.4ms)[0m  [1m[32mINSERT INTO "characters" ("name", "role", "race", "gender", "age", "created_at", "updated_at") VALUES (?, ?, ?, ?, ?, ?, ?)[0m  [["name", "Lizard"], ["role", "Blademaster"], ["race", "Human"], ["gender", "Female"], ["age", 28], ["created_at", "2020-02-12 00:00:24.026188"], ["updated_at", "2020-02-12 00:00:24.026188"]]
  ↳ app/controllers/characters_controller.rb:30
  [1m[35m (22.3ms)[0m  [1m[36mcommit transaction[0m
  ↳ app/controllers/characters_controller.rb:30
Redirected to http://localhost:3000/characters/2
Completed 302 Found in 36ms (ActiveRecord: 22.8ms)


Started GET "/characters/2" for 127.0.0.1 at 2020-02-11 21:00:24 -0300
Processing by CharactersController#show as HTML
  Parameters: {"id"=>"2"}
  [1m[36mCharacter Load (0.2ms)[0m  [1m[34mSELECT  "characters".* FROM "characters" WHERE "characters"."id" = ? LIMIT ?[0m  [["id", 2], ["LIMIT", 1]]
  ↳ app/controllers/characters_controller.rb:67
  Rendering characters/show.html.erb within layouts/application
  Rendered characters/show.html.erb within layouts/application (1.1ms)
Completed 200 OK in 25ms (Views: 22.2ms | ActiveRecord: 0.2ms)


Started GET "/characters" for 127.0.0.1 at 2020-02-11 21:00:25 -0300
Processing by CharactersController#index as HTML
  Rendering characters/index.html.erb within layouts/application
  [1m[36mCharacter Load (0.4ms)[0m  [1m[34mSELECT "characters".* FROM "characters"[0m
  ↳ app/views/characters/index.html.erb:18
  Rendered characters/index.html.erb within layouts/application (6.8ms)
Completed 200 OK in 42ms (Views: 38.5ms | ActiveRecord: 0.4ms)


Started GET "/characters/2/edit" for 127.0.0.1 at 2020-02-11 21:00:28 -0300
Processing by CharactersController#edit as HTML
  Parameters: {"id"=>"2"}
  [1m[36mCharacter Load (0.1ms)[0m  [1m[34mSELECT  "characters".* FROM "characters" WHERE "characters"."id" = ? LIMIT ?[0m  [["id", 2], ["LIMIT", 1]]
  ↳ app/controllers/characters_controller.rb:67
  Rendering characters/edit.html.erb within layouts/application
  Rendered characters/_form.html.erb (5.3ms)
  Rendered characters/edit.html.erb within layouts/application (7.1ms)
Completed 200 OK in 32ms (Views: 29.6ms | ActiveRecord: 0.1ms)


Started PATCH "/characters/2" for 127.0.0.1 at 2020-02-11 21:00:32 -0300
Processing by CharactersController#update as HTML
  Parameters: {"utf8"=>"✓", "authenticity_token"=>"mnHFH1vC7NZ2Q62GQI14fAE0b8g8HO82Lipfmf2lfP9CknM+LN1kB19fIVP2MUth9SpH4xQmNY6+eodHNHsg2g==", "character"=>{"name"=>"Lizard", "role"=>"Blademaster", "race"=>"Human", "gender"=>"Male", "age"=>"28"}, "commit"=>"Update Character", "id"=>"2"}
  [1m[36mCharacter Load (0.2ms)[0m  [1m[34mSELECT  "characters".* FROM "characters" WHERE "characters"."id" = ? LIMIT ?[0m  [["id", 2], ["LIMIT", 1]]
  ↳ app/controllers/characters_controller.rb:67
  [1m[35m (0.1ms)[0m  [1m[36mbegin transaction[0m
  ↳ app/controllers/characters_controller.rb:44
  [1m[36mCharacter Update (1.3ms)[0m  [1m[33mUPDATE "characters" SET "gender" = ?, "updated_at" = ? WHERE "characters"."id" = ?[0m  [["gender", "Male"], ["updated_at", "2020-02-12 00:00:32.521756"], ["id", 2]]
  ↳ app/controllers/characters_controller.rb:44
  [1m[35m (30.9ms)[0m  [1m[36mcommit transaction[0m
  ↳ app/controllers/characters_controller.rb:44
Redirected to http://localhost:3000/characters/2
Completed 302 Found in 40ms (ActiveRecord: 32.4ms)


Started GET "/characters/2" for 127.0.0.1 at 2020-02-11 21:00:32 -0300
Processing by CharactersController#show as HTML
  Parameters: {"id"=>"2"}
  [1m[36mCharacter Load (0.2ms)[0m  [1m[34mSELECT  "characters".* FROM "characters" WHERE "characters"."id" = ? LIMIT ?[0m  [["id", 2], ["LIMIT", 1]]
  ↳ app/controllers/characters_controller.rb:67
  Rendering characters/show.html.erb within layouts/application
  Rendered characters/show.html.erb within layouts/application (1.1ms)
Completed 200 OK in 25ms (Views: 22.5ms | ActiveRecord: 0.2ms)


Started GET "/characters" for 127.0.0.1 at 2020-02-11 21:00:34 -0300
Processing by CharactersController#index as HTML
  Rendering characters/index.html.erb within layouts/application
  [1m[36mCharacter Load (0.4ms)[0m  [1m[34mSELECT "characters".* FROM "characters"[0m
  ↳ app/views/characters/index.html.erb:18
  Rendered characters/index.html.erb within layouts/application (5.7ms)
Completed 200 OK in 38ms (Views: 35.2ms | ActiveRecord: 0.4ms)


Started GET "/characters/new" for 127.0.0.1 at 2020-02-11 21:00:45 -0300
Processing by CharactersController#new as HTML
  Rendering characters/new.html.erb within layouts/application
  Rendered characters/_form.html.erb (4.1ms)
  Rendered characters/new.html.erb within layouts/application (5.5ms)
Completed 200 OK in 34ms (Views: 33.1ms | ActiveRecord: 0.0ms)


Started POST "/characters" for 127.0.0.1 at 2020-02-11 21:01:19 -0300
Processing by CharactersController#create as HTML
  Parameters: {"utf8"=>"✓", "authenticity_token"=>"3t80ujGMIudbFQoXDnEiFlOkuohjQmV1rCphu2RLk868VGTZnhn5a/9fVbMFaLts5/Pb2+LC0N3JZR+IMkAT0A==", "character"=>{"name"=>"Coxa", "role"=>"Blademaster", "race"=>"Human", "gender"=>"Male", "age"=>"28"}, "commit"=>"Create Character"}
  [1m[35m (0.1ms)[0m  [1m[36mbegin transaction[0m
  ↳ app/controllers/characters_controller.rb:30
  [1m[36mCharacter Create (0.7ms)[0m  [1m[32mINSERT INTO "characters" ("name", "role", "race", "gender", "age", "created_at", "updated_at") VALUES (?, ?, ?, ?, ?, ?, ?)[0m  [["name", "Coxa"], ["role", "Blademaster"], ["race", "Human"], ["gender", "Male"], ["age", 28], ["created_at", "2020-02-12 00:01:19.674415"], ["updated_at", "2020-02-12 00:01:19.674415"]]
  ↳ app/controllers/characters_controller.rb:30
  [1m[35m (27.5ms)[0m  [1m[36mcommit transaction[0m
  ↳ app/controllers/characters_controller.rb:30
Redirected to http://localhost:3000/characters/3
Completed 302 Found in 38ms (ActiveRecord: 28.3ms)


Started GET "/characters/3" for 127.0.0.1 at 2020-02-11 21:01:19 -0300
Processing by CharactersController#show as HTML
  Parameters: {"id"=>"3"}
  [1m[36mCharacter Load (0.3ms)[0m  [1m[34mSELECT  "characters".* FROM "characters" WHERE "characters"."id" = ? LIMIT ?[0m  [["id", 3], ["LIMIT", 1]]
  ↳ app/controllers/characters_controller.rb:67
  Rendering characters/show.html.erb within layouts/application
  Rendered characters/show.html.erb within layouts/application (1.7ms)
Completed 200 OK in 35ms (Views: 31.4ms | ActiveRecord: 0.3ms)


Started GET "/characters" for 127.0.0.1 at 2020-02-11 21:01:21 -0300
Processing by CharactersController#index as HTML
  Rendering characters/index.html.erb within layouts/application
  [1m[36mCharacter Load (0.2ms)[0m  [1m[34mSELECT "characters".* FROM "characters"[0m
  ↳ app/views/characters/index.html.erb:18
  Rendered characters/index.html.erb within layouts/application (3.8ms)
Completed 200 OK in 29ms (Views: 27.4ms | ActiveRecord: 0.2ms)


Started GET "/characters/new" for 127.0.0.1 at 2020-02-11 21:01:38 -0300
Processing by CharactersController#new as HTML
  Rendering characters/new.html.erb within layouts/application
  Rendered characters/_form.html.erb (4.5ms)
  Rendered characters/new.html.erb within layouts/application (6.2ms)
Completed 200 OK in 28ms (Views: 26.9ms | ActiveRecord: 0.0ms)


Started POST "/characters" for 127.0.0.1 at 2020-02-11 21:02:08 -0300
Processing by CharactersController#create as HTML
  Parameters: {"utf8"=>"✓", "authenticity_token"=>"eJmJecBheELew6W2IMYRdk0vJsZC8hTMDUTtLqvA4BoaEtkab/SjznqJ+hIr34gM+XhHlcNyoWRoC5Md/ctgBA==", "character"=>{"name"=>"Lilly", "role"=>"Gunslinger", "race"=>"Human", "gender"=>"Female", "age"=>"23"}, "commit"=>"Create Character"}
  [1m[35m (0.1ms)[0m  [1m[36mbegin transaction[0m
  ↳ app/controllers/characters_controller.rb:30
  [1m[36mCharacter Create (0.8ms)[0m  [1m[32mINSERT INTO "characters" ("name", "role", "race", "gender", "age", "created_at", "updated_at") VALUES (?, ?, ?, ?, ?, ?, ?)[0m  [["name", "Lilly"], ["role", "Gunslinger"], ["race", "Human"], ["gender", "Female"], ["age", 23], ["created_at", "2020-02-12 00:02:08.984637"], ["updated_at", "2020-02-12 00:02:08.984637"]]
  ↳ app/controllers/characters_controller.rb:30
  [1m[35m (25.1ms)[0m  [1m[36mcommit transaction[0m
  ↳ app/controllers/characters_controller.rb:30
Redirected to http://localhost:3000/characters/4
Completed 302 Found in 36ms (ActiveRecord: 26.1ms)


Started GET "/characters/4" for 127.0.0.1 at 2020-02-11 21:02:09 -0300
Processing by CharactersController#show as HTML
  Parameters: {"id"=>"4"}
  [1m[36mCharacter Load (0.1ms)[0m  [1m[34mSELECT  "characters".* FROM "characters" WHERE "characters"."id" = ? LIMIT ?[0m  [["id", 4], ["LIMIT", 1]]
  ↳ app/controllers/characters_controller.rb:67
  Rendering characters/show.html.erb within layouts/application
  Rendered characters/show.html.erb within layouts/application (1.1ms)
Completed 200 OK in 23ms (Views: 20.6ms | ActiveRecord: 0.1ms)


Started GET "/characters" for 127.0.0.1 at 2020-02-11 21:02:10 -0300
Processing by CharactersController#index as HTML
  Rendering characters/index.html.erb within layouts/application
  [1m[36mCharacter Load (0.2ms)[0m  [1m[34mSELECT "characters".* FROM "characters"[0m
  ↳ app/views/characters/index.html.erb:18
  Rendered characters/index.html.erb within layouts/application (4.0ms)
Completed 200 OK in 27ms (Views: 24.9ms | ActiveRecord: 0.2ms)


Started GET "/characters/new" for 127.0.0.1 at 2020-02-11 21:02:12 -0300
Processing by CharactersController#new as HTML
  Rendering characters/new.html.erb within layouts/application
  Rendered characters/_form.html.erb (5.1ms)
  Rendered characters/new.html.erb within layouts/application (7.4ms)
Completed 200 OK in 41ms (Views: 38.6ms | ActiveRecord: 0.0ms)


Started GET "/characters" for 127.0.0.1 at 2020-02-11 21:02:15 -0300
Processing by CharactersController#index as HTML
  Rendering characters/index.html.erb within layouts/application
  [1m[36mCharacter Load (0.3ms)[0m  [1m[34mSELECT "characters".* FROM "characters"[0m
  ↳ app/views/characters/index.html.erb:18
  Rendered characters/index.html.erb within layouts/application (4.8ms)
Completed 200 OK in 33ms (Views: 31.2ms | ActiveRecord: 0.3ms)


Started GET "/characters/2/edit" for 127.0.0.1 at 2020-02-11 21:02:17 -0300
Processing by CharactersController#edit as HTML
  Parameters: {"id"=>"2"}
  [1m[36mCharacter Load (0.2ms)[0m  [1m[34mSELECT  "characters".* FROM "characters" WHERE "characters"."id" = ? LIMIT ?[0m  [["id", 2], ["LIMIT", 1]]
  ↳ app/controllers/characters_controller.rb:67
  Rendering characters/edit.html.erb within layouts/application
  Rendered characters/_form.html.erb (6.3ms)
  Rendered characters/edit.html.erb within layouts/application (8.6ms)
Completed 200 OK in 37ms (Views: 34.0ms | ActiveRecord: 0.2ms)


Started GET "/characters" for 127.0.0.1 at 2020-02-11 21:02:20 -0300
Processing by CharactersController#index as HTML
  Rendering characters/index.html.erb within layouts/application
  [1m[36mCharacter Load (0.1ms)[0m  [1m[34mSELECT "characters".* FROM "characters"[0m
  ↳ app/views/characters/index.html.erb:18
  Rendered characters/index.html.erb within layouts/application (5.1ms)
Completed 200 OK in 34ms (Views: 32.3ms | ActiveRecord: 0.1ms)


Started GET "/characters/new" for 127.0.0.1 at 2020-02-11 21:02:22 -0300
Processing by CharactersController#new as HTML
  Rendering characters/new.html.erb within layouts/application
  Rendered characters/_form.html.erb (3.9ms)
  Rendered characters/new.html.erb within layouts/application (5.7ms)
Completed 200 OK in 32ms (Views: 30.0ms | ActiveRecord: 0.0ms)


  [1m[35m (0.1ms)[0m  [1m[34mSELECT "schema_migrations"."version" FROM "schema_migrations" ORDER BY "schema_migrations"."version" ASC[0m
  ↳ /home/eli/.rvm/gems/ruby-2.5.1/bin/rake:23
Migrating to CreateCharacters (20200212000457)
  [1m[35m (0.0ms)[0m  [1m[36mbegin transaction[0m
  ↳ /home/eli/.rvm/gems/ruby-2.5.1/bin/rake:23
  [1m[35m (0.1ms)[0m  [1m[34mSELECT sqlite_version(*)[0m
  ↳ db/migrate/20200212000457_create_characters.rb:3
  [1m[35m (0.3ms)[0m  [1m[35mCREATE TABLE "characters" ("id" integer PRIMARY KEY AUTOINCREMENT NOT NULL, "name" varchar, "weapon" varchar, "role" varchar, "created_at" datetime NOT NULL, "updated_at" datetime NOT NULL)[0m
  ↳ db/migrate/20200212000457_create_characters.rb:3
  [1m[35m (0.0ms)[0m  [1m[31mrollback transaction[0m
  ↳ /home/eli/.rvm/gems/ruby-2.5.1/bin/rake:23
  [1m[35m (0.1ms)[0m  [1m[34mSELECT "schema_migrations"."version" FROM "schema_migrations" ORDER BY "schema_migrations"."version" ASC[0m
  ↳ /home/eli/.rvm/gems/ruby-2.5.1/bin/rake:23
  [1m[35m (0.1ms)[0m  [1m[34mSELECT "ar_internal_metadata"."value" FROM "ar_internal_metadata" WHERE "ar_internal_metadata"."key" = ?[0m  [["key", "environment"]]
  ↳ /home/eli/.rvm/gems/ruby-2.5.1/bin/rake:23
  [1m[35m (0.1ms)[0m  [1m[34mSELECT "schema_migrations"."version" FROM "schema_migrations" ORDER BY "schema_migrations"."version" ASC[0m
  ↳ /home/eli/.rvm/gems/ruby-2.5.1/bin/rake:23
  [1m[35m (0.1ms)[0m  [1m[34mSELECT "ar_internal_metadata"."value" FROM "ar_internal_metadata" WHERE "ar_internal_metadata"."key" = ?[0m  [["key", "environment"]]
  ↳ /home/eli/.rvm/gems/ruby-2.5.1/bin/rake:23
  [1m[35m (0.1ms)[0m  [1m[34mSELECT "schema_migrations"."version" FROM "schema_migrations" ORDER BY "schema_migrations"."version" ASC[0m
  ↳ /home/eli/.rvm/gems/ruby-2.5.1/bin/rake:23
  [1m[35m (0.1ms)[0m  [1m[34mSELECT "ar_internal_metadata"."value" FROM "ar_internal_metadata" WHERE "ar_internal_metadata"."key" = ?[0m  [["key", "environment"]]
  ↳ /home/eli/.rvm/gems/ruby-2.5.1/bin/rake:23
  [1m[35m (0.1ms)[0m  [1m[34mSELECT sqlite_version(*)[0m
  ↳ /home/eli/.rvm/gems/ruby-2.5.1/bin/rake:23
  [1m[35m (25.6ms)[0m  [1m[35mCREATE TABLE "schema_migrations" ("version" varchar NOT NULL PRIMARY KEY)[0m
  ↳ /home/eli/.rvm/gems/ruby-2.5.1/bin/rake:23
  [1m[35m (27.8ms)[0m  [1m[35mCREATE TABLE "ar_internal_metadata" ("key" varchar NOT NULL PRIMARY KEY, "value" varchar, "created_at" datetime NOT NULL, "updated_at" datetime NOT NULL)[0m
  ↳ /home/eli/.rvm/gems/ruby-2.5.1/bin/rake:23
  [1m[35m (0.1ms)[0m  [1m[34mSELECT "schema_migrations"."version" FROM "schema_migrations" ORDER BY "schema_migrations"."version" ASC[0m
  ↳ /home/eli/.rvm/gems/ruby-2.5.1/bin/rake:23
Migrating to CreateCharacters (20200212000457)
  [1m[35m (0.1ms)[0m  [1m[36mbegin transaction[0m
  ↳ /home/eli/.rvm/gems/ruby-2.5.1/bin/rake:23
  [1m[35m (0.5ms)[0m  [1m[35mCREATE TABLE "characters" ("id" integer PRIMARY KEY AUTOINCREMENT NOT NULL, "name" varchar, "weapon" varchar, "role" varchar, "created_at" datetime NOT NULL, "updated_at" datetime NOT NULL)[0m
  ↳ db/migrate/20200212000457_create_characters.rb:3
  [1m[36mActiveRecord::SchemaMigration Create (0.2ms)[0m  [1m[32mINSERT INTO "schema_migrations" ("version") VALUES (?)[0m  [["version", "20200212000457"]]
  ↳ /home/eli/.rvm/gems/ruby-2.5.1/bin/rake:23
  [1m[35m (17.3ms)[0m  [1m[36mcommit transaction[0m
  ↳ /home/eli/.rvm/gems/ruby-2.5.1/bin/rake:23
  [1m[36mActiveRecord::InternalMetadata Load (0.2ms)[0m  [1m[34mSELECT  "ar_internal_metadata".* FROM "ar_internal_metadata" WHERE "ar_internal_metadata"."key" = ? LIMIT ?[0m  [["key", "environment"], ["LIMIT", 1]]
  ↳ /home/eli/.rvm/gems/ruby-2.5.1/bin/rake:23
  [1m[35m (0.1ms)[0m  [1m[36mbegin transaction[0m
  ↳ /home/eli/.rvm/gems/ruby-2.5.1/bin/rake:23
  [1m[36mActiveRecord::InternalMetadata Create (0.4ms)[0m  [1m[32mINSERT INTO "ar_internal_metadata" ("key", "value", "created_at", "updated_at") VALUES (?, ?, ?, ?)[0m  [["key", "environment"], ["value", "development"], ["created_at", "2020-02-12 00:05:17.852855"], ["updated_at", "2020-02-12 00:05:17.852855"]]
  ↳ /home/eli/.rvm/gems/ruby-2.5.1/bin/rake:23
  [1m[35m (13.6ms)[0m  [1m[36mcommit transaction[0m
  ↳ /home/eli/.rvm/gems/ruby-2.5.1/bin/rake:23
  [1m[35m (0.2ms)[0m  [1m[34mSELECT "schema_migrations"."version" FROM "schema_migrations" ORDER BY "schema_migrations"."version" ASC[0m
  ↳ /home/eli/.rvm/gems/ruby-2.5.1/bin/rake:23
Started GET "/characters" for 127.0.0.1 at 2020-02-11 21:05:28 -0300
  [1m[35m (0.1ms)[0m  [1m[34mSELECT "schema_migrations"."version" FROM "schema_migrations" ORDER BY "schema_migrations"."version" ASC[0m
  ↳ /home/eli/.rvm/gems/ruby-2.5.1/gems/activerecord-5.2.4.1/lib/active_record/log_subscriber.rb:98
Processing by CharactersController#index as HTML
  Rendering characters/index.html.erb within layouts/application
  [1m[36mCharacter Load (0.1ms)[0m  [1m[34mSELECT "characters".* FROM "characters"[0m
  ↳ app/views/characters/index.html.erb:16
  Rendered characters/index.html.erb within layouts/application (3.1ms)
Completed 200 OK in 188ms (Views: 180.4ms | ActiveRecord: 0.6ms)


Started GET "/characters/new" for 127.0.0.1 at 2020-02-11 21:05:30 -0300
Processing by CharactersController#new as HTML
  Rendering characters/new.html.erb within layouts/application
  Rendered characters/_form.html.erb (10.0ms)
  Rendered characters/new.html.erb within layouts/application (11.6ms)
Completed 200 OK in 43ms (Views: 33.4ms | ActiveRecord: 0.6ms)


Started POST "/characters" for 127.0.0.1 at 2020-02-11 21:05:51 -0300
Processing by CharactersController#create as HTML
  Parameters: {"utf8"=>"✓", "authenticity_token"=>"G434edKiu3PAUYzorUVjhcR3uxRelAbBm7l/lRhLvRt5BqgafTdg/2Qb00ymXPr/cCDaR98Us2n+9gGmTkA9BQ==", "character"=>{"name"=>"Zero", "weapon"=>"Charge Blade", "role"=>"Fighter"}, "commit"=>"Create Character"}
  [1m[35m (0.1ms)[0m  [1m[36mbegin transaction[0m
  ↳ app/controllers/characters_controller.rb:30
  [1m[36mCharacter Create (0.6ms)[0m  [1m[32mINSERT INTO "characters" ("name", "weapon", "role", "created_at", "updated_at") VALUES (?, ?, ?, ?, ?)[0m  [["name", "Zero"], ["weapon", "Charge Blade"], ["role", "Fighter"], ["created_at", "2020-02-12 00:05:51.510441"], ["updated_at", "2020-02-12 00:05:51.510441"]]
  ↳ app/controllers/characters_controller.rb:30
  [1m[35m (6.7ms)[0m  [1m[36mcommit transaction[0m
  ↳ app/controllers/characters_controller.rb:30
Redirected to http://localhost:3000/characters/1
Completed 302 Found in 16ms (ActiveRecord: 7.5ms)


Started GET "/characters/1" for 127.0.0.1 at 2020-02-11 21:05:51 -0300
Processing by CharactersController#show as HTML
  Parameters: {"id"=>"1"}
  [1m[36mCharacter Load (0.2ms)[0m  [1m[34mSELECT  "characters".* FROM "characters" WHERE "characters"."id" = ? LIMIT ?[0m  [["id", 1], ["LIMIT", 1]]
  ↳ app/controllers/characters_controller.rb:67
  Rendering characters/show.html.erb within layouts/application
  Rendered characters/show.html.erb within layouts/application (0.9ms)
Completed 200 OK in 48ms (Views: 42.7ms | ActiveRecord: 0.2ms)


Started GET "/characters" for 127.0.0.1 at 2020-02-11 21:05:56 -0300
Processing by CharactersController#index as HTML
  Rendering characters/index.html.erb within layouts/application
  [1m[36mCharacter Load (0.2ms)[0m  [1m[34mSELECT "characters".* FROM "characters"[0m
  ↳ app/views/characters/index.html.erb:16
  Rendered characters/index.html.erb within layouts/application (3.0ms)
Completed 200 OK in 30ms (Views: 28.2ms | ActiveRecord: 0.2ms)


Started GET "/characters/new" for 127.0.0.1 at 2020-02-11 21:05:59 -0300
Processing by CharactersController#new as HTML
  Rendering characters/new.html.erb within layouts/application
  Rendered characters/_form.html.erb (3.1ms)
  Rendered characters/new.html.erb within layouts/application (5.0ms)
Completed 200 OK in 31ms (Views: 29.2ms | ActiveRecord: 0.0ms)


Started POST "/characters" for 127.0.0.1 at 2020-02-11 21:06:16 -0300
Processing by CharactersController#create as HTML
  Parameters: {"utf8"=>"✓", "authenticity_token"=>"BIr24nIwqF9H4J7cXp1C72GvuvRmSnVyVicNczcnLBlmAaaB3aVz0+OqwXhVhNuV1fjbp+fKwNozaHNAYSysBw==", "character"=>{"name"=>"Coxa", "weapon"=>"Dual Blades", "role"=>"Assassin"}, "commit"=>"Create Character"}
  [1m[35m (0.1ms)[0m  [1m[36mbegin transaction[0m
  ↳ app/controllers/characters_controller.rb:30
  [1m[36mCharacter Create (2.1ms)[0m  [1m[32mINSERT INTO "characters" ("name", "weapon", "role", "created_at", "updated_at") VALUES (?, ?, ?, ?, ?)[0m  [["name", "Coxa"], ["weapon", "Dual Blades"], ["role", "Assassin"], ["created_at", "2020-02-12 00:06:16.009719"], ["updated_at", "2020-02-12 00:06:16.009719"]]
  ↳ app/controllers/characters_controller.rb:30
  [1m[35m (6.9ms)[0m  [1m[36mcommit transaction[0m
  ↳ app/controllers/characters_controller.rb:30
Redirected to http://localhost:3000/characters/2
Completed 302 Found in 19ms (ActiveRecord: 9.1ms)


Started GET "/characters/2" for 127.0.0.1 at 2020-02-11 21:06:16 -0300
Processing by CharactersController#show as HTML
  Parameters: {"id"=>"2"}
  [1m[36mCharacter Load (0.3ms)[0m  [1m[34mSELECT  "characters".* FROM "characters" WHERE "characters"."id" = ? LIMIT ?[0m  [["id", 2], ["LIMIT", 1]]
  ↳ app/controllers/characters_controller.rb:67
  Rendering characters/show.html.erb within layouts/application
  Rendered characters/show.html.erb within layouts/application (2.7ms)
Completed 200 OK in 36ms (Views: 32.3ms | ActiveRecord: 0.3ms)


Started GET "/characters" for 127.0.0.1 at 2020-02-11 21:06:17 -0300
Processing by CharactersController#index as HTML
  Rendering characters/index.html.erb within layouts/application
  [1m[36mCharacter Load (0.2ms)[0m  [1m[34mSELECT "characters".* FROM "characters"[0m
  ↳ app/views/characters/index.html.erb:16
  Rendered characters/index.html.erb within layouts/application (4.8ms)
Completed 200 OK in 42ms (Views: 40.4ms | ActiveRecord: 0.2ms)


Started GET "/characters/new" for 127.0.0.1 at 2020-02-11 21:06:18 -0300
Processing by CharactersController#new as HTML
  Rendering characters/new.html.erb within layouts/application
  Rendered characters/_form.html.erb (3.6ms)
  Rendered characters/new.html.erb within layouts/application (5.3ms)
Completed 200 OK in 38ms (Views: 35.6ms | ActiveRecord: 0.0ms)


Started POST "/characters" for 127.0.0.1 at 2020-02-11 21:06:44 -0300
Processing by CharactersController#create as HTML
  Parameters: {"utf8"=>"✓", "authenticity_token"=>"9+5D1xy8gRPoWBAwz+7vmsSHsUZxu8fRrWH4gk3ZFZ+VZRO0sylan0wST5TE93bgcNDQFfA7cnnILoaxG9KVgQ==", "character"=>{"name"=>"Lily", "weapon"=>"Hammer", "role"=>"Crowd Control"}, "commit"=>"Create Character"}
  [1m[35m (0.1ms)[0m  [1m[36mbegin transaction[0m
  ↳ app/controllers/characters_controller.rb:30
  [1m[36mCharacter Create (1.5ms)[0m  [1m[32mINSERT INTO "characters" ("name", "weapon", "role", "created_at", "updated_at") VALUES (?, ?, ?, ?, ?)[0m  [["name", "Lily"], ["weapon", "Hammer"], ["role", "Crowd Control"], ["created_at", "2020-02-12 00:06:44.338882"], ["updated_at", "2020-02-12 00:06:44.338882"]]
  ↳ app/controllers/characters_controller.rb:30
  [1m[35m (5.0ms)[0m  [1m[36mcommit transaction[0m
  ↳ app/controllers/characters_controller.rb:30
Redirected to http://localhost:3000/characters/3
Completed 302 Found in 18ms (ActiveRecord: 6.5ms)


Started GET "/characters/3" for 127.0.0.1 at 2020-02-11 21:06:44 -0300
Processing by CharactersController#show as HTML
  Parameters: {"id"=>"3"}
  [1m[36mCharacter Load (0.3ms)[0m  [1m[34mSELECT  "characters".* FROM "characters" WHERE "characters"."id" = ? LIMIT ?[0m  [["id", 3], ["LIMIT", 1]]
  ↳ app/controllers/characters_controller.rb:67
  Rendering characters/show.html.erb within layouts/application
  Rendered characters/show.html.erb within layouts/application (1.5ms)
Completed 200 OK in 38ms (Views: 33.6ms | ActiveRecord: 0.3ms)


Started GET "/characters" for 127.0.0.1 at 2020-02-11 21:06:46 -0300
Processing by CharactersController#index as HTML
  Rendering characters/index.html.erb within layouts/application
  [1m[36mCharacter Load (0.2ms)[0m  [1m[34mSELECT "characters".* FROM "characters"[0m
  ↳ app/views/characters/index.html.erb:16
  Rendered characters/index.html.erb within layouts/application (19.9ms)
Completed 200 OK in 43ms (Views: 41.0ms | ActiveRecord: 0.2ms)


Started GET "/characters/new" for 127.0.0.1 at 2020-02-11 21:06:48 -0300
Processing by CharactersController#new as HTML
  Rendering characters/new.html.erb within layouts/application
  Rendered characters/_form.html.erb (2.6ms)
  Rendered characters/new.html.erb within layouts/application (3.8ms)
Completed 200 OK in 25ms (Views: 23.6ms | ActiveRecord: 0.0ms)


Started GET "/characters" for 127.0.0.1 at 2020-02-11 21:06:51 -0300
Processing by CharactersController#index as HTML
  Rendering characters/index.html.erb within layouts/application
  [1m[36mCharacter Load (0.2ms)[0m  [1m[34mSELECT "characters".* FROM "characters"[0m
  ↳ app/views/characters/index.html.erb:16
  Rendered characters/index.html.erb within layouts/application (4.9ms)
Completed 200 OK in 35ms (Views: 32.7ms | ActiveRecord: 0.2ms)


Started GET "/characters/1/edit" for 127.0.0.1 at 2020-02-11 21:06:52 -0300
Processing by CharactersController#edit as HTML
  Parameters: {"id"=>"1"}
  [1m[36mCharacter Load (0.3ms)[0m  [1m[34mSELECT  "characters".* FROM "characters" WHERE "characters"."id" = ? LIMIT ?[0m  [["id", 1], ["LIMIT", 1]]
  ↳ app/controllers/characters_controller.rb:67
  Rendering characters/edit.html.erb within layouts/application
  Rendered characters/_form.html.erb (6.2ms)
  Rendered characters/edit.html.erb within layouts/application (9.0ms)
Completed 200 OK in 43ms (Views: 37.4ms | ActiveRecord: 0.3ms)


Started PATCH "/characters/1" for 127.0.0.1 at 2020-02-11 21:06:58 -0300
Processing by CharactersController#update as HTML
  Parameters: {"utf8"=>"✓", "authenticity_token"=>"n0H7zmec+tromtov6TqNtMAr2ppxS/8XdGJTt2aoccJlqlxc5IEhs3L7ArHmqaMgPNeTiaUWyD3y37+TWbxqfQ==", "character"=>{"name"=>"Zero", "weapon"=>"Charge Blade", "role"=>"All-around"}, "commit"=>"Update Character", "id"=>"1"}
  [1m[36mCharacter Load (0.1ms)[0m  [1m[34mSELECT  "characters".* FROM "characters" WHERE "characters"."id" = ? LIMIT ?[0m  [["id", 1], ["LIMIT", 1]]
  ↳ app/controllers/characters_controller.rb:67
  [1m[35m (0.1ms)[0m  [1m[36mbegin transaction[0m
  ↳ app/controllers/characters_controller.rb:44
  [1m[36mCharacter Update (0.3ms)[0m  [1m[33mUPDATE "characters" SET "role" = ?, "updated_at" = ? WHERE "characters"."id" = ?[0m  [["role", "All-around"], ["updated_at", "2020-02-12 00:06:58.455016"], ["id", 1]]
  ↳ app/controllers/characters_controller.rb:44
  [1m[35m (6.3ms)[0m  [1m[36mcommit transaction[0m
  ↳ app/controllers/characters_controller.rb:44
Redirected to http://localhost:3000/characters/1
Completed 302 Found in 15ms (ActiveRecord: 6.8ms)


Started GET "/characters/1" for 127.0.0.1 at 2020-02-11 21:06:58 -0300
Processing by CharactersController#show as HTML
  Parameters: {"id"=>"1"}
  [1m[36mCharacter Load (0.2ms)[0m  [1m[34mSELECT  "characters".* FROM "characters" WHERE "characters"."id" = ? LIMIT ?[0m  [["id", 1], ["LIMIT", 1]]
  ↳ app/controllers/characters_controller.rb:67
  Rendering characters/show.html.erb within layouts/application
  Rendered characters/show.html.erb within layouts/application (1.2ms)
Completed 200 OK in 22ms (Views: 19.8ms | ActiveRecord: 0.2ms)


Started GET "/characters" for 127.0.0.1 at 2020-02-11 21:06:59 -0300
Processing by CharactersController#index as HTML
  Rendering characters/index.html.erb within layouts/application
  [1m[36mCharacter Load (0.2ms)[0m  [1m[34mSELECT "characters".* FROM "characters"[0m
  ↳ app/views/characters/index.html.erb:16
  Rendered characters/index.html.erb within layouts/application (3.6ms)
Completed 200 OK in 30ms (Views: 28.1ms | ActiveRecord: 0.2ms)


Started GET "/characters/new" for 127.0.0.1 at 2020-02-11 21:07:04 -0300
Processing by CharactersController#new as HTML
  Rendering characters/new.html.erb within layouts/application
  Rendered characters/_form.html.erb (5.8ms)
  Rendered characters/new.html.erb within layouts/application (8.3ms)
Completed 200 OK in 44ms (Views: 42.1ms | ActiveRecord: 0.0ms)


Started POST "/characters" for 127.0.0.1 at 2020-02-11 21:07:26 -0300
Processing by CharactersController#create as HTML
  Parameters: {"utf8"=>"✓", "authenticity_token"=>"OluAZD8+2SEhgzb7LSs/62/6MytgSSAYCOklYfJIIP9Y0NAHkKsCrYXJaV8mMqaR261SeOHJlbBtpltSpEOg4Q==", "character"=>{"name"=>"Lizard", "weapon"=>"Charge Blade", "role"=>"Fighter"}, "commit"=>"Create Character"}
  [1m[35m (0.1ms)[0m  [1m[36mbegin transaction[0m
  ↳ app/controllers/characters_controller.rb:30
  [1m[36mCharacter Create (1.3ms)[0m  [1m[32mINSERT INTO "characters" ("name", "weapon", "role", "created_at", "updated_at") VALUES (?, ?, ?, ?, ?)[0m  [["name", "Lizard"], ["weapon", "Charge Blade"], ["role", "Fighter"], ["created_at", "2020-02-12 00:07:26.838359"], ["updated_at", "2020-02-12 00:07:26.838359"]]
  ↳ app/controllers/characters_controller.rb:30
  [1m[35m (6.3ms)[0m  [1m[36mcommit transaction[0m
  ↳ app/controllers/characters_controller.rb:30
Redirected to http://localhost:3000/characters/4
Completed 302 Found in 14ms (ActiveRecord: 7.7ms)


Started GET "/characters/4" for 127.0.0.1 at 2020-02-11 21:07:26 -0300
Processing by CharactersController#show as HTML
  Parameters: {"id"=>"4"}
  [1m[36mCharacter Load (0.1ms)[0m  [1m[34mSELECT  "characters".* FROM "characters" WHERE "characters"."id" = ? LIMIT ?[0m  [["id", 4], ["LIMIT", 1]]
  ↳ app/controllers/characters_controller.rb:67
  Rendering characters/show.html.erb within layouts/application
  Rendered characters/show.html.erb within layouts/application (1.0ms)
Completed 200 OK in 24ms (Views: 21.4ms | ActiveRecord: 0.1ms)


Started GET "/characters" for 127.0.0.1 at 2020-02-11 21:07:28 -0300
Processing by CharactersController#index as HTML
  Rendering characters/index.html.erb within layouts/application
  [1m[36mCharacter Load (0.1ms)[0m  [1m[34mSELECT "characters".* FROM "characters"[0m
  ↳ app/views/characters/index.html.erb:16
  Rendered characters/index.html.erb within layouts/application (4.1ms)
Completed 200 OK in 34ms (Views: 31.7ms | ActiveRecord: 0.1ms)


Started GET "/characters/new" for 127.0.0.1 at 2020-02-11 21:07:29 -0300
Processing by CharactersController#new as HTML
  Rendering characters/new.html.erb within layouts/application
  Rendered characters/_form.html.erb (3.7ms)
  Rendered characters/new.html.erb within layouts/application (5.2ms)
Completed 200 OK in 31ms (Views: 29.4ms | ActiveRecord: 0.0ms)


Started POST "/characters" for 127.0.0.1 at 2020-02-11 21:07:41 -0300
Processing by CharactersController#create as HTML
  Parameters: {"utf8"=>"✓", "authenticity_token"=>"Vsceo/VvjyaHgCoYdrCz31DkZgaM/zzj7IYA3MsRl7w0TE7AWvpUqiPKdbx9qSql5LMHVQ1/iUuJyX7vnRoXog==", "character"=>{"name"=>"Kukiric", "weapon"=>"Gunlance", "role"=>"Tank"}, "commit"=>"Create Character"}
  [1m[35m (0.1ms)[0m  [1m[36mbegin transaction[0m
  ↳ app/controllers/characters_controller.rb:30
  [1m[36mCharacter Create (1.4ms)[0m  [1m[32mINSERT INTO "characters" ("name", "weapon", "role", "created_at", "updated_at") VALUES (?, ?, ?, ?, ?)[0m  [["name", "Kukiric"], ["weapon", "Gunlance"], ["role", "Tank"], ["created_at", "2020-02-12 00:07:41.463397"], ["updated_at", "2020-02-12 00:07:41.463397"]]
  ↳ app/controllers/characters_controller.rb:30
  [1m[35m (6.5ms)[0m  [1m[36mcommit transaction[0m
  ↳ app/controllers/characters_controller.rb:30
Redirected to http://localhost:3000/characters/5
Completed 302 Found in 14ms (ActiveRecord: 7.9ms)


Started GET "/characters/5" for 127.0.0.1 at 2020-02-11 21:07:41 -0300
Processing by CharactersController#show as HTML
  Parameters: {"id"=>"5"}
  [1m[36mCharacter Load (0.2ms)[0m  [1m[34mSELECT  "characters".* FROM "characters" WHERE "characters"."id" = ? LIMIT ?[0m  [["id", 5], ["LIMIT", 1]]
  ↳ app/controllers/characters_controller.rb:67
  Rendering characters/show.html.erb within layouts/application
  Rendered characters/show.html.erb within layouts/application (1.0ms)
Completed 200 OK in 24ms (Views: 22.0ms | ActiveRecord: 0.2ms)


Started GET "/characters" for 127.0.0.1 at 2020-02-11 21:08:13 -0300
Processing by CharactersController#index as HTML
  Rendering characters/index.html.erb within layouts/application
  [1m[36mCharacter Load (0.2ms)[0m  [1m[34mSELECT "characters".* FROM "characters"[0m
  ↳ app/views/characters/index.html.erb:16
  Rendered characters/index.html.erb within layouts/application (4.5ms)
Completed 200 OK in 31ms (Views: 28.9ms | ActiveRecord: 0.2ms)


Started GET "/characters/new" for 127.0.0.1 at 2020-02-11 21:08:27 -0300
Processing by CharactersController#new as HTML
  Rendering characters/new.html.erb within layouts/application
  Rendered characters/_form.html.erb (5.0ms)
  Rendered characters/new.html.erb within layouts/application (7.2ms)
Completed 200 OK in 40ms (Views: 38.1ms | ActiveRecord: 0.0ms)


Started POST "/characters" for 127.0.0.1 at 2020-02-11 21:08:52 -0300
Processing by CharactersController#create as HTML
  Parameters: {"utf8"=>"✓", "authenticity_token"=>"H5W2Euia8+1rcGA4uGDzNkGztfdY/rU4gfMeL/iAjzp9HuZxRw8oYc86P5yzeWpM9eTUpNl+AJDkvGAcrosPJA==", "character"=>{"name"=>"Mr Nexx", "weapon"=>"Great Sword", "role"=>"Fighter"}, "commit"=>"Create Character"}
  [1m[35m (0.1ms)[0m  [1m[36mbegin transaction[0m
  ↳ app/controllers/characters_controller.rb:30
  [1m[36mCharacter Create (1.2ms)[0m  [1m[32mINSERT INTO "characters" ("name", "weapon", "role", "created_at", "updated_at") VALUES (?, ?, ?, ?, ?)[0m  [["name", "Mr Nexx"], ["weapon", "Great Sword"], ["role", "Fighter"], ["created_at", "2020-02-12 00:08:52.523517"], ["updated_at", "2020-02-12 00:08:52.523517"]]
  ↳ app/controllers/characters_controller.rb:30
  [1m[35m (36.2ms)[0m  [1m[36mcommit transaction[0m
  ↳ app/controllers/characters_controller.rb:30
Redirected to http://localhost:3000/characters/6
Completed 302 Found in 45ms (ActiveRecord: 37.5ms)


Started GET "/characters/6" for 127.0.0.1 at 2020-02-11 21:08:52 -0300
Processing by CharactersController#show as HTML
  Parameters: {"id"=>"6"}
  [1m[36mCharacter Load (0.3ms)[0m  [1m[34mSELECT  "characters".* FROM "characters" WHERE "characters"."id" = ? LIMIT ?[0m  [["id", 6], ["LIMIT", 1]]
  ↳ app/controllers/characters_controller.rb:67
  Rendering characters/show.html.erb within layouts/application
  Rendered characters/show.html.erb within layouts/application (1.6ms)
Completed 200 OK in 33ms (Views: 29.7ms | ActiveRecord: 0.3ms)


Started GET "/characters" for 127.0.0.1 at 2020-02-11 21:08:54 -0300
Processing by CharactersController#index as HTML
  Rendering characters/index.html.erb within layouts/application
  [1m[36mCharacter Load (0.3ms)[0m  [1m[34mSELECT "characters".* FROM "characters"[0m
  ↳ app/views/characters/index.html.erb:16
  Rendered characters/index.html.erb within layouts/application (6.3ms)
Completed 200 OK in 31ms (Views: 29.0ms | ActiveRecord: 0.3ms)


Started GET "/characters/2/edit" for 127.0.0.1 at 2020-02-11 21:09:10 -0300
Processing by CharactersController#edit as HTML
  Parameters: {"id"=>"2"}
  [1m[36mCharacter Load (0.2ms)[0m  [1m[34mSELECT  "characters".* FROM "characters" WHERE "characters"."id" = ? LIMIT ?[0m  [["id", 2], ["LIMIT", 1]]
  ↳ app/controllers/characters_controller.rb:67
  Rendering characters/edit.html.erb within layouts/application
  Rendered characters/_form.html.erb (4.2ms)
  Rendered characters/edit.html.erb within layouts/application (6.2ms)
Completed 200 OK in 35ms (Views: 32.2ms | ActiveRecord: 0.2ms)


Started PATCH "/characters/2" for 127.0.0.1 at 2020-02-11 21:09:15 -0300
Processing by CharactersController#update as HTML
  Parameters: {"utf8"=>"✓", "authenticity_token"=>"hbuZAHzedqXfA5TUAASnQ1VvAZPGob0qUGrjMfSNLBxdWC8hC8H+dPYfGAG2uJReoXEpuO6bZ5LAOjvvPVNwOQ==", "character"=>{"name"=>"Coxa", "weapon"=>"Dual Blades", "role"=>"Fighter"}, "commit"=>"Update Character", "id"=>"2"}
  [1m[36mCharacter Load (0.2ms)[0m  [1m[34mSELECT  "characters".* FROM "characters" WHERE "characters"."id" = ? LIMIT ?[0m  [["id", 2], ["LIMIT", 1]]
  ↳ app/controllers/characters_controller.rb:67
  [1m[35m (0.1ms)[0m  [1m[36mbegin transaction[0m
  ↳ app/controllers/characters_controller.rb:44
  [1m[36mCharacter Update (0.7ms)[0m  [1m[33mUPDATE "characters" SET "role" = ?, "updated_at" = ? WHERE "characters"."id" = ?[0m  [["role", "Fighter"], ["updated_at", "2020-02-12 00:09:15.469135"], ["id", 2]]
  ↳ app/controllers/characters_controller.rb:44
  [1m[35m (4.8ms)[0m  [1m[36mcommit transaction[0m
  ↳ app/controllers/characters_controller.rb:44
Redirected to http://localhost:3000/characters/2
Completed 302 Found in 15ms (ActiveRecord: 5.7ms)


Started GET "/characters/2" for 127.0.0.1 at 2020-02-11 21:09:15 -0300
Processing by CharactersController#show as HTML
  Parameters: {"id"=>"2"}
  [1m[36mCharacter Load (0.2ms)[0m  [1m[34mSELECT  "characters".* FROM "characters" WHERE "characters"."id" = ? LIMIT ?[0m  [["id", 2], ["LIMIT", 1]]
  ↳ app/controllers/characters_controller.rb:67
  Rendering characters/show.html.erb within layouts/application
  Rendered characters/show.html.erb within layouts/application (1.2ms)
Completed 200 OK in 29ms (Views: 26.3ms | ActiveRecord: 0.2ms)


Started GET "/characters" for 127.0.0.1 at 2020-02-11 21:09:17 -0300
Processing by CharactersController#index as HTML
  Rendering characters/index.html.erb within layouts/application
  [1m[36mCharacter Load (0.3ms)[0m  [1m[34mSELECT "characters".* FROM "characters"[0m
  ↳ app/views/characters/index.html.erb:16
  Rendered characters/index.html.erb within layouts/application (4.4ms)
Completed 200 OK in 32ms (Views: 29.7ms | ActiveRecord: 0.3ms)


  [1m[35m (0.1ms)[0m  [1m[34mSELECT "schema_migrations"."version" FROM "schema_migrations" ORDER BY "schema_migrations"."version" ASC[0m
  ↳ /home/eli/.rvm/gems/ruby-2.5.1/bin/rake:23
Migrating to DeviseCreateUsers (20200212001219)
  [1m[35m (0.0ms)[0m  [1m[36mbegin transaction[0m
  ↳ /home/eli/.rvm/gems/ruby-2.5.1/bin/rake:23
  [1m[35m (0.1ms)[0m  [1m[34mSELECT sqlite_version(*)[0m
  ↳ db/migrate/20200212001219_devise_create_users.rb:5
  [1m[35m (0.5ms)[0m  [1m[35mCREATE TABLE "users" ("id" integer PRIMARY KEY AUTOINCREMENT NOT NULL, "email" varchar DEFAULT '' NOT NULL, "encrypted_password" varchar DEFAULT '' NOT NULL, "reset_password_token" varchar, "reset_password_sent_at" datetime, "remember_created_at" datetime, "created_at" datetime NOT NULL, "updated_at" datetime NOT NULL)[0m
  ↳ db/migrate/20200212001219_devise_create_users.rb:5
  [1m[35m (0.2ms)[0m  [1m[35mCREATE UNIQUE INDEX "index_users_on_email" ON "users" ("email")[0m
  ↳ db/migrate/20200212001219_devise_create_users.rb:39
  [1m[35m (0.2ms)[0m  [1m[35mCREATE UNIQUE INDEX "index_users_on_reset_password_token" ON "users" ("reset_password_token")[0m
  ↳ db/migrate/20200212001219_devise_create_users.rb:40
  [1m[36mActiveRecord::SchemaMigration Create (0.2ms)[0m  [1m[32mINSERT INTO "schema_migrations" ("version") VALUES (?)[0m  [["version", "20200212001219"]]
  ↳ /home/eli/.rvm/gems/ruby-2.5.1/bin/rake:23
  [1m[35m (7.6ms)[0m  [1m[36mcommit transaction[0m
  ↳ /home/eli/.rvm/gems/ruby-2.5.1/bin/rake:23
  [1m[36mActiveRecord::InternalMetadata Load (0.2ms)[0m  [1m[34mSELECT  "ar_internal_metadata".* FROM "ar_internal_metadata" WHERE "ar_internal_metadata"."key" = ? LIMIT ?[0m  [["key", "environment"], ["LIMIT", 1]]
  ↳ /home/eli/.rvm/gems/ruby-2.5.1/bin/rake:23
  [1m[35m (0.0ms)[0m  [1m[36mbegin transaction[0m
  ↳ /home/eli/.rvm/gems/ruby-2.5.1/bin/rake:23
  [1m[35m (0.1ms)[0m  [1m[36mcommit transaction[0m
  ↳ /home/eli/.rvm/gems/ruby-2.5.1/bin/rake:23
  [1m[35m (0.2ms)[0m  [1m[34mSELECT "schema_migrations"."version" FROM "schema_migrations" ORDER BY "schema_migrations"."version" ASC[0m
  ↳ /home/eli/.rvm/gems/ruby-2.5.1/bin/rake:23
Started GET "/characters" for 127.0.0.1 at 2020-02-11 21:13:14 -0300
  [1m[35m (0.1ms)[0m  [1m[34mSELECT "schema_migrations"."version" FROM "schema_migrations" ORDER BY "schema_migrations"."version" ASC[0m
  ↳ /home/eli/.rvm/gems/ruby-2.5.1/gems/activerecord-5.2.4.1/lib/active_record/log_subscriber.rb:98
Processing by CharactersController#index as HTML
Completed 401 Unauthorized in 10ms (ActiveRecord: 0.0ms)


Started GET "/users/sign_in" for 127.0.0.1 at 2020-02-11 21:13:14 -0300
Processing by Devise::SessionsController#new as HTML
  Rendering /home/eli/.rvm/gems/ruby-2.5.1/gems/devise-4.7.1/app/views/devise/sessions/new.html.erb within layouts/application
  Rendered /home/eli/.rvm/gems/ruby-2.5.1/gems/devise-4.7.1/app/views/devise/shared/_links.html.erb (0.8ms)
  Rendered /home/eli/.rvm/gems/ruby-2.5.1/gems/devise-4.7.1/app/views/devise/sessions/new.html.erb within layouts/application (9.3ms)
Completed 200 OK in 165ms (Views: 153.9ms | ActiveRecord: 1.0ms)


Started GET "/users/sign_up" for 127.0.0.1 at 2020-02-11 21:14:03 -0300
Processing by Devise::RegistrationsController#new as HTML
  Rendering /home/eli/.rvm/gems/ruby-2.5.1/gems/devise-4.7.1/app/views/devise/registrations/new.html.erb within layouts/application
  Rendered /home/eli/.rvm/gems/ruby-2.5.1/gems/devise-4.7.1/app/views/devise/shared/_error_messages.html.erb (0.5ms)
  Rendered /home/eli/.rvm/gems/ruby-2.5.1/gems/devise-4.7.1/app/views/devise/shared/_links.html.erb (1.0ms)
  Rendered /home/eli/.rvm/gems/ruby-2.5.1/gems/devise-4.7.1/app/views/devise/registrations/new.html.erb within layouts/application (6.2ms)
Completed 200 OK in 29ms (Views: 28.0ms | ActiveRecord: 0.0ms)


Started POST "/users" for 127.0.0.1 at 2020-02-11 21:14:29 -0300
Processing by Devise::RegistrationsController#create as HTML
  Parameters: {"utf8"=>"✓", "authenticity_token"=>"63JmVyQBBWPsc5ngMzV+WXXAam9pEs3KDWjDI9bnSiC/+XUFpYX2GiFttdMWzCQWUXOpG5RT+3QgkxuYw0h2rw==", "user"=>{"email"=>"zero@testmail.com", "password"=>"[FILTERED]", "password_confirmation"=>"[FILTERED]"}, "commit"=>"Sign up"}
  [1m[35m (0.1ms)[0m  [1m[36mbegin transaction[0m
  ↳ /home/eli/.rvm/gems/ruby-2.5.1/gems/activerecord-5.2.4.1/lib/active_record/log_subscriber.rb:98
  [1m[36mUser Exists (0.2ms)[0m  [1m[34mSELECT  1 AS one FROM "users" WHERE "users"."email" = ? LIMIT ?[0m  [["email", "zero@testmail.com"], ["LIMIT", 1]]
  ↳ /home/eli/.rvm/gems/ruby-2.5.1/gems/activerecord-5.2.4.1/lib/active_record/log_subscriber.rb:98
  [1m[36mUser Create (1.5ms)[0m  [1m[32mINSERT INTO "users" ("email", "encrypted_password", "created_at", "updated_at") VALUES (?, ?, ?, ?)[0m  [["email", "zero@testmail.com"], ["encrypted_password", "$2a$11$9XWU1HiHgelj5/bPkAQl0uGDssVHIO06ixKonUIrOcJhsnkIoqAOi"], ["created_at", "2020-02-12 00:14:29.203654"], ["updated_at", "2020-02-12 00:14:29.203654"]]
  ↳ /home/eli/.rvm/gems/ruby-2.5.1/gems/activerecord-5.2.4.1/lib/active_record/log_subscriber.rb:98
  [1m[35m (5.1ms)[0m  [1m[36mcommit transaction[0m
  ↳ /home/eli/.rvm/gems/ruby-2.5.1/gems/activerecord-5.2.4.1/lib/active_record/log_subscriber.rb:98
Redirected to http://localhost:3000/characters
Completed 302 Found in 175ms (ActiveRecord: 6.9ms)


Started GET "/characters" for 127.0.0.1 at 2020-02-11 21:14:29 -0300
Processing by CharactersController#index as HTML
  [1m[36mUser Load (0.3ms)[0m  [1m[34mSELECT  "users".* FROM "users" WHERE "users"."id" = ? ORDER BY "users"."id" ASC LIMIT ?[0m  [["id", 1], ["LIMIT", 1]]
  ↳ /home/eli/.rvm/gems/ruby-2.5.1/gems/activerecord-5.2.4.1/lib/active_record/log_subscriber.rb:98
  Rendering characters/index.html.erb within layouts/application
  [1m[36mCharacter Load (0.3ms)[0m  [1m[34mSELECT "characters".* FROM "characters"[0m
  ↳ app/views/characters/index.html.erb:16
  Rendered characters/index.html.erb within layouts/application (39.8ms)
Completed 200 OK in 67ms (Views: 60.1ms | ActiveRecord: 1.6ms)


Started GET "/characters" for 127.0.0.1 at 2020-02-11 21:14:34 -0300
Processing by CharactersController#index as HTML
  [1m[36mUser Load (0.2ms)[0m  [1m[34mSELECT  "users".* FROM "users" WHERE "users"."id" = ? ORDER BY "users"."id" ASC LIMIT ?[0m  [["id", 1], ["LIMIT", 1]]
  ↳ /home/eli/.rvm/gems/ruby-2.5.1/gems/activerecord-5.2.4.1/lib/active_record/log_subscriber.rb:98
  Rendering characters/index.html.erb within layouts/application
  [1m[36mCharacter Load (0.2ms)[0m  [1m[34mSELECT "characters".* FROM "characters"[0m
  ↳ app/views/characters/index.html.erb:16
  Rendered characters/index.html.erb within layouts/application (3.7ms)
Completed 200 OK in 29ms (Views: 25.2ms | ActiveRecord: 0.3ms)


  [1m[35m (0.1ms)[0m  [1m[34mSELECT "schema_migrations"."version" FROM "schema_migrations" ORDER BY "schema_migrations"."version" ASC[0m
  ↳ bin/rails:9
Migrating to CreateDoorkeeperTables (20200212004949)
  [1m[35m (0.0ms)[0m  [1m[36mbegin transaction[0m
  ↳ bin/rails:9
  [1m[35m (0.1ms)[0m  [1m[34mSELECT sqlite_version(*)[0m
  ↳ db/migrate/20200212004949_create_doorkeeper_tables.rb:3
  [1m[35m (0.6ms)[0m  [1m[35mCREATE TABLE "oauth_applications" ("id" integer PRIMARY KEY AUTOINCREMENT NOT NULL, "name" varchar NOT NULL, "uid" varchar NOT NULL, "secret" varchar NOT NULL, "redirect_uri" text NOT NULL, "scopes" varchar DEFAULT '' NOT NULL, "confidential" boolean DEFAULT 1 NOT NULL, "created_at" datetime NOT NULL, "updated_at" datetime NOT NULL)[0m
  ↳ db/migrate/20200212004949_create_doorkeeper_tables.rb:3
  [1m[35m (0.2ms)[0m  [1m[35mCREATE UNIQUE INDEX "index_oauth_applications_on_uid" ON "oauth_applications" ("uid")[0m
  ↳ db/migrate/20200212004949_create_doorkeeper_tables.rb:17
  [1m[35m (0.2ms)[0m  [1m[35mCREATE TABLE "oauth_access_grants" ("id" integer PRIMARY KEY AUTOINCREMENT NOT NULL, "resource_owner_id" integer NOT NULL, "application_id" integer NOT NULL, "token" varchar NOT NULL, "expires_in" integer NOT NULL, "redirect_uri" text NOT NULL, "created_at" datetime NOT NULL, "revoked_at" datetime, "scopes" varchar DEFAULT '' NOT NULL)[0m
  ↳ db/migrate/20200212004949_create_doorkeeper_tables.rb:19
  [1m[35m (0.2ms)[0m  [1m[35mCREATE  INDEX "index_oauth_access_grants_on_resource_owner_id" ON "oauth_access_grants" ("resource_owner_id")[0m
  ↳ db/migrate/20200212004949_create_doorkeeper_tables.rb:19
  [1m[35m (0.2ms)[0m  [1m[35mCREATE  INDEX "index_oauth_access_grants_on_application_id" ON "oauth_access_grants" ("application_id")[0m
  ↳ db/migrate/20200212004949_create_doorkeeper_tables.rb:19
  [1m[35m (0.3ms)[0m  [1m[35mCREATE UNIQUE INDEX "index_oauth_access_grants_on_token" ON "oauth_access_grants" ("token")[0m
  ↳ db/migrate/20200212004949_create_doorkeeper_tables.rb:30
  [1m[35m (0.2ms)[0m  [1m[35mCREATE TABLE "oauth_access_tokens" ("id" integer PRIMARY KEY AUTOINCREMENT NOT NULL, "resource_owner_id" integer, "application_id" integer NOT NULL, "token" varchar NOT NULL, "refresh_token" varchar, "expires_in" integer, "revoked_at" datetime, "created_at" datetime NOT NULL, "scopes" varchar, "previous_refresh_token" varchar DEFAULT '' NOT NULL)[0m
  ↳ db/migrate/20200212004949_create_doorkeeper_tables.rb:37
  [1m[35m (0.1ms)[0m  [1m[35mCREATE  INDEX "index_oauth_access_tokens_on_resource_owner_id" ON "oauth_access_tokens" ("resource_owner_id")[0m
  ↳ db/migrate/20200212004949_create_doorkeeper_tables.rb:37
  [1m[35m (0.2ms)[0m  [1m[35mCREATE  INDEX "index_oauth_access_tokens_on_application_id" ON "oauth_access_tokens" ("application_id")[0m
  ↳ db/migrate/20200212004949_create_doorkeeper_tables.rb:37
  [1m[35m (0.3ms)[0m  [1m[35mCREATE UNIQUE INDEX "index_oauth_access_tokens_on_token" ON "oauth_access_tokens" ("token")[0m
  ↳ db/migrate/20200212004949_create_doorkeeper_tables.rb:67
  [1m[35m (0.2ms)[0m  [1m[35mCREATE UNIQUE INDEX "index_oauth_access_tokens_on_refresh_token" ON "oauth_access_tokens" ("refresh_token")[0m
  ↳ db/migrate/20200212004949_create_doorkeeper_tables.rb:68
  [1m[36mActiveRecord::SchemaMigration Create (0.2ms)[0m  [1m[32mINSERT INTO "schema_migrations" ("version") VALUES (?)[0m  [["version", "20200212004949"]]
  ↳ bin/rails:9
  [1m[35m (8.1ms)[0m  [1m[36mcommit transaction[0m
  ↳ bin/rails:9
  [1m[36mActiveRecord::InternalMetadata Load (0.3ms)[0m  [1m[34mSELECT  "ar_internal_metadata".* FROM "ar_internal_metadata" WHERE "ar_internal_metadata"."key" = ? LIMIT ?[0m  [["key", "environment"], ["LIMIT", 1]]
  ↳ bin/rails:9
  [1m[35m (0.0ms)[0m  [1m[36mbegin transaction[0m
  ↳ bin/rails:9
  [1m[35m (0.0ms)[0m  [1m[36mcommit transaction[0m
  ↳ bin/rails:9
  [1m[35m (0.1ms)[0m  [1m[34mSELECT "schema_migrations"."version" FROM "schema_migrations" ORDER BY "schema_migrations"."version" ASC[0m
  ↳ bin/rails:9
Started POST "/api/oauth/token" for 127.0.0.1 at 2020-02-11 22:17:19 -0300
  [1m[35m (0.3ms)[0m  [1m[34mSELECT "schema_migrations"."version" FROM "schema_migrations" ORDER BY "schema_migrations"."version" ASC[0m
  ↳ /home/eli/.rvm/gems/ruby-2.5.1/gems/activerecord-5.2.4.1/lib/active_record/log_subscriber.rb:98
  
ActionController::RoutingError (No route matches [POST] "/api/oauth/token"):
  
actionpack (5.2.4.1) lib/action_dispatch/middleware/debug_exceptions.rb:65:in `call'
web-console (3.7.0) lib/web_console/middleware.rb:135:in `call_app'
web-console (3.7.0) lib/web_console/middleware.rb:30:in `block in call'
web-console (3.7.0) lib/web_console/middleware.rb:20:in `catch'
web-console (3.7.0) lib/web_console/middleware.rb:20:in `call'
actionpack (5.2.4.1) lib/action_dispatch/middleware/show_exceptions.rb:33:in `call'
railties (5.2.4.1) lib/rails/rack/logger.rb:38:in `call_app'
railties (5.2.4.1) lib/rails/rack/logger.rb:26:in `block in call'
activesupport (5.2.4.1) lib/active_support/tagged_logging.rb:71:in `block in tagged'
activesupport (5.2.4.1) lib/active_support/tagged_logging.rb:28:in `tagged'
activesupport (5.2.4.1) lib/active_support/tagged_logging.rb:71:in `tagged'
railties (5.2.4.1) lib/rails/rack/logger.rb:26:in `call'
sprockets-rails (3.2.1) lib/sprockets/rails/quiet_assets.rb:13:in `call'
actionpack (5.2.4.1) lib/action_dispatch/middleware/remote_ip.rb:81:in `call'
actionpack (5.2.4.1) lib/action_dispatch/middleware/request_id.rb:27:in `call'
rack (2.2.2) lib/rack/method_override.rb:24:in `call'
rack (2.2.2) lib/rack/runtime.rb:22:in `call'
activesupport (5.2.4.1) lib/active_support/cache/strategy/local_cache_middleware.rb:29:in `call'
actionpack (5.2.4.1) lib/action_dispatch/middleware/executor.rb:14:in `call'
actionpack (5.2.4.1) lib/action_dispatch/middleware/static.rb:127:in `call'
rack (2.2.2) lib/rack/sendfile.rb:110:in `call'
railties (5.2.4.1) lib/rails/engine.rb:524:in `call'
puma (3.12.2) lib/puma/configuration.rb:227:in `call'
puma (3.12.2) lib/puma/server.rb:674:in `handle_request'
puma (3.12.2) lib/puma/server.rb:476:in `process_client'
puma (3.12.2) lib/puma/server.rb:334:in `block in run'
puma (3.12.2) lib/puma/thread_pool.rb:135:in `block in spawn_thread'
Started POST "/oauth/token" for 127.0.0.1 at 2020-02-11 22:18:18 -0300
Processing by Doorkeeper::TokensController#create as */*
  Parameters: {"username"=>"zero", "password"=>"[FILTERED]", "grant_type"=>"password", "token"=>{"username"=>"zero", "password"=>"[FILTERED]", "grant_type"=>"password"}}
  [1m[36mUser Load (0.7ms)[0m  [1m[34mSELECT  "users".* FROM "users" WHERE "users"."username" = ? ORDER BY "users"."id" ASC LIMIT ?[0m  [["username", "zero"], ["LIMIT", 1]]
  ↳ config/initializers/doorkeeper.rb:19
Completed 500 Internal Server Error in 9ms (ActiveRecord: 2.2ms)


  
ActiveRecord::StatementInvalid (SQLite3::SQLException: no such column: users.username: SELECT  "users".* FROM "users" WHERE "users"."username" = ? ORDER BY "users"."id" ASC LIMIT ?):
  
config/initializers/doorkeeper.rb:19:in `block (2 levels) in <top (required)>'
Started POST "/oauth/token" for 127.0.0.1 at 2020-02-11 22:19:41 -0300
Processing by Doorkeeper::TokensController#create as */*
  Parameters: {"email"=>"zero@testemail.com", "password"=>"[FILTERED]", "grant_type"=>"password", "token"=>{"email"=>"zero@testemail.com", "password"=>"[FILTERED]", "grant_type"=>"password"}}
  [1m[36mUser Load (1.0ms)[0m  [1m[34mSELECT  "users".* FROM "users" WHERE "users"."username" = ? ORDER BY "users"."id" ASC LIMIT ?[0m  [["username", ""], ["LIMIT", 1]]
  ↳ config/initializers/doorkeeper.rb:19
Completed 500 Internal Server Error in 3ms (ActiveRecord: 1.0ms)


  
ActiveRecord::StatementInvalid (SQLite3::SQLException: no such column: users.username: SELECT  "users".* FROM "users" WHERE "users"."username" = ? ORDER BY "users"."id" ASC LIMIT ?):
  
config/initializers/doorkeeper.rb:19:in `block (2 levels) in <top (required)>'
Started POST "/oauth/token" for 127.0.0.1 at 2020-02-11 22:19:47 -0300
Processing by Doorkeeper::TokensController#create as */*
  Parameters: {"email"=>"zero@testemail.com", "password"=>"[FILTERED]", "grant_type"=>"password", "token"=>{"email"=>"zero@testemail.com", "password"=>"[FILTERED]", "grant_type"=>"password"}}
  [1m[36mUser Load (1.4ms)[0m  [1m[34mSELECT  "users".* FROM "users" WHERE "users"."username" = ? ORDER BY "users"."id" ASC LIMIT ?[0m  [["username", ""], ["LIMIT", 1]]
  ↳ config/initializers/doorkeeper.rb:19
Completed 500 Internal Server Error in 4ms (ActiveRecord: 1.4ms)


  
ActiveRecord::StatementInvalid (SQLite3::SQLException: no such column: users.username: SELECT  "users".* FROM "users" WHERE "users"."username" = ? ORDER BY "users"."id" ASC LIMIT ?):
  
config/initializers/doorkeeper.rb:19:in `block (2 levels) in <top (required)>'
Started POST "/oauth/token" for 127.0.0.1 at 2020-02-11 22:19:54 -0300
  [1m[35m (0.3ms)[0m  [1m[34mSELECT "schema_migrations"."version" FROM "schema_migrations" ORDER BY "schema_migrations"."version" ASC[0m
  ↳ /home/eli/.rvm/gems/ruby-2.5.1/gems/activerecord-5.2.4.1/lib/active_record/log_subscriber.rb:98
Processing by Doorkeeper::TokensController#create as */*
  Parameters: {"email"=>"zero@testemail.com", "password"=>"[FILTERED]", "grant_type"=>"password", "token"=>{"email"=>"zero@testemail.com", "password"=>"[FILTERED]", "grant_type"=>"password"}}
  [1m[36mUser Load (0.4ms)[0m  [1m[34mSELECT  "users".* FROM "users" WHERE "users"."email" = ? ORDER BY "users"."id" ASC LIMIT ?[0m  [["email", "zero@testemail.com"], ["LIMIT", 1]]
  ↳ config/initializers/doorkeeper.rb:19
Completed 400 Bad Request in 20ms (Views: 0.2ms | ActiveRecord: 1.4ms)


  [1m[36mUser Load (1.2ms)[0m  [1m[34mSELECT  "users".* FROM "users" LIMIT ?[0m  [["LIMIT", 11]]
  [1m[36mUser Load (0.5ms)[0m  [1m[34mSELECT  "users".* FROM "users" ORDER BY "users"."id" ASC LIMIT ?[0m  [["LIMIT", 1]]
  [1m[36mUser Load (0.2ms)[0m  [1m[34mSELECT  "users".* FROM "users" ORDER BY "users"."id" ASC LIMIT ?[0m  [["LIMIT", 1]]
Started POST "/api/v1/oauth/token" for 127.0.0.1 at 2020-02-11 22:22:49 -0300
  
ActionController::RoutingError (No route matches [POST] "/api/v1/oauth/token"):
  
actionpack (5.2.4.1) lib/action_dispatch/middleware/debug_exceptions.rb:65:in `call'
web-console (3.7.0) lib/web_console/middleware.rb:135:in `call_app'
web-console (3.7.0) lib/web_console/middleware.rb:30:in `block in call'
web-console (3.7.0) lib/web_console/middleware.rb:20:in `catch'
web-console (3.7.0) lib/web_console/middleware.rb:20:in `call'
actionpack (5.2.4.1) lib/action_dispatch/middleware/show_exceptions.rb:33:in `call'
railties (5.2.4.1) lib/rails/rack/logger.rb:38:in `call_app'
railties (5.2.4.1) lib/rails/rack/logger.rb:26:in `block in call'
activesupport (5.2.4.1) lib/active_support/tagged_logging.rb:71:in `block in tagged'
activesupport (5.2.4.1) lib/active_support/tagged_logging.rb:28:in `tagged'
activesupport (5.2.4.1) lib/active_support/tagged_logging.rb:71:in `tagged'
railties (5.2.4.1) lib/rails/rack/logger.rb:26:in `call'
sprockets-rails (3.2.1) lib/sprockets/rails/quiet_assets.rb:13:in `call'
actionpack (5.2.4.1) lib/action_dispatch/middleware/remote_ip.rb:81:in `call'
actionpack (5.2.4.1) lib/action_dispatch/middleware/request_id.rb:27:in `call'
rack (2.2.2) lib/rack/method_override.rb:24:in `call'
rack (2.2.2) lib/rack/runtime.rb:22:in `call'
activesupport (5.2.4.1) lib/active_support/cache/strategy/local_cache_middleware.rb:29:in `call'
actionpack (5.2.4.1) lib/action_dispatch/middleware/executor.rb:14:in `call'
actionpack (5.2.4.1) lib/action_dispatch/middleware/static.rb:127:in `call'
rack (2.2.2) lib/rack/sendfile.rb:110:in `call'
railties (5.2.4.1) lib/rails/engine.rb:524:in `call'
puma (3.12.2) lib/puma/configuration.rb:227:in `call'
puma (3.12.2) lib/puma/server.rb:674:in `handle_request'
puma (3.12.2) lib/puma/server.rb:476:in `process_client'
puma (3.12.2) lib/puma/server.rb:334:in `block in run'
puma (3.12.2) lib/puma/thread_pool.rb:135:in `block in spawn_thread'
Started POST "/api/v1/oauth/token" for 127.0.0.1 at 2020-02-11 22:22:59 -0300
  [1m[35m (0.3ms)[0m  [1m[34mSELECT "schema_migrations"."version" FROM "schema_migrations" ORDER BY "schema_migrations"."version" ASC[0m
  ↳ /home/eli/.rvm/gems/ruby-2.5.1/gems/activerecord-5.2.4.1/lib/active_record/log_subscriber.rb:98
  
ActionController::RoutingError (No route matches [POST] "/api/v1/oauth/token"):
  
actionpack (5.2.4.1) lib/action_dispatch/middleware/debug_exceptions.rb:65:in `call'
web-console (3.7.0) lib/web_console/middleware.rb:135:in `call_app'
web-console (3.7.0) lib/web_console/middleware.rb:30:in `block in call'
web-console (3.7.0) lib/web_console/middleware.rb:20:in `catch'
web-console (3.7.0) lib/web_console/middleware.rb:20:in `call'
actionpack (5.2.4.1) lib/action_dispatch/middleware/show_exceptions.rb:33:in `call'
railties (5.2.4.1) lib/rails/rack/logger.rb:38:in `call_app'
railties (5.2.4.1) lib/rails/rack/logger.rb:26:in `block in call'
activesupport (5.2.4.1) lib/active_support/tagged_logging.rb:71:in `block in tagged'
activesupport (5.2.4.1) lib/active_support/tagged_logging.rb:28:in `tagged'
activesupport (5.2.4.1) lib/active_support/tagged_logging.rb:71:in `tagged'
railties (5.2.4.1) lib/rails/rack/logger.rb:26:in `call'
sprockets-rails (3.2.1) lib/sprockets/rails/quiet_assets.rb:13:in `call'
actionpack (5.2.4.1) lib/action_dispatch/middleware/remote_ip.rb:81:in `call'
actionpack (5.2.4.1) lib/action_dispatch/middleware/request_id.rb:27:in `call'
rack (2.2.2) lib/rack/method_override.rb:24:in `call'
rack (2.2.2) lib/rack/runtime.rb:22:in `call'
activesupport (5.2.4.1) lib/active_support/cache/strategy/local_cache_middleware.rb:29:in `call'
actionpack (5.2.4.1) lib/action_dispatch/middleware/executor.rb:14:in `call'
actionpack (5.2.4.1) lib/action_dispatch/middleware/static.rb:127:in `call'
rack (2.2.2) lib/rack/sendfile.rb:110:in `call'
railties (5.2.4.1) lib/rails/engine.rb:524:in `call'
puma (3.12.2) lib/puma/configuration.rb:227:in `call'
puma (3.12.2) lib/puma/server.rb:674:in `handle_request'
puma (3.12.2) lib/puma/server.rb:476:in `process_client'
puma (3.12.2) lib/puma/server.rb:334:in `block in run'
puma (3.12.2) lib/puma/thread_pool.rb:135:in `block in spawn_thread'
Started POST "/api/v1/oauth/token" for 127.0.0.1 at 2020-02-11 22:23:00 -0300
  
ActionController::RoutingError (No route matches [POST] "/api/v1/oauth/token"):
  
actionpack (5.2.4.1) lib/action_dispatch/middleware/debug_exceptions.rb:65:in `call'
web-console (3.7.0) lib/web_console/middleware.rb:135:in `call_app'
web-console (3.7.0) lib/web_console/middleware.rb:30:in `block in call'
web-console (3.7.0) lib/web_console/middleware.rb:20:in `catch'
web-console (3.7.0) lib/web_console/middleware.rb:20:in `call'
actionpack (5.2.4.1) lib/action_dispatch/middleware/show_exceptions.rb:33:in `call'
railties (5.2.4.1) lib/rails/rack/logger.rb:38:in `call_app'
railties (5.2.4.1) lib/rails/rack/logger.rb:26:in `block in call'
activesupport (5.2.4.1) lib/active_support/tagged_logging.rb:71:in `block in tagged'
activesupport (5.2.4.1) lib/active_support/tagged_logging.rb:28:in `tagged'
activesupport (5.2.4.1) lib/active_support/tagged_logging.rb:71:in `tagged'
railties (5.2.4.1) lib/rails/rack/logger.rb:26:in `call'
sprockets-rails (3.2.1) lib/sprockets/rails/quiet_assets.rb:13:in `call'
actionpack (5.2.4.1) lib/action_dispatch/middleware/remote_ip.rb:81:in `call'
actionpack (5.2.4.1) lib/action_dispatch/middleware/request_id.rb:27:in `call'
rack (2.2.2) lib/rack/method_override.rb:24:in `call'
rack (2.2.2) lib/rack/runtime.rb:22:in `call'
activesupport (5.2.4.1) lib/active_support/cache/strategy/local_cache_middleware.rb:29:in `call'
actionpack (5.2.4.1) lib/action_dispatch/middleware/executor.rb:14:in `call'
actionpack (5.2.4.1) lib/action_dispatch/middleware/static.rb:127:in `call'
rack (2.2.2) lib/rack/sendfile.rb:110:in `call'
railties (5.2.4.1) lib/rails/engine.rb:524:in `call'
puma (3.12.2) lib/puma/configuration.rb:227:in `call'
puma (3.12.2) lib/puma/server.rb:674:in `handle_request'
puma (3.12.2) lib/puma/server.rb:476:in `process_client'
puma (3.12.2) lib/puma/server.rb:334:in `block in run'
puma (3.12.2) lib/puma/thread_pool.rb:135:in `block in spawn_thread'
Started POST "/oauth/token" for 127.0.0.1 at 2020-02-11 22:23:29 -0300
  [1m[35m (0.1ms)[0m  [1m[34mSELECT "schema_migrations"."version" FROM "schema_migrations" ORDER BY "schema_migrations"."version" ASC[0m
  ↳ /home/eli/.rvm/gems/ruby-2.5.1/gems/activerecord-5.2.4.1/lib/active_record/log_subscriber.rb:98
Processing by Doorkeeper::TokensController#create as */*
  Parameters: {"email"=>"zero@testemail.com", "password"=>"[FILTERED]", "grant_type"=>"password", "token"=>{"email"=>"zero@testemail.com", "password"=>"[FILTERED]", "grant_type"=>"password"}}
  [1m[36mUser Load (0.2ms)[0m  [1m[34mSELECT  "users".* FROM "users" WHERE "users"."email" = ? ORDER BY "users"."id" ASC LIMIT ?[0m  [["email", "zero@testemail.com"], ["LIMIT", 1]]
  ↳ config/initializers/doorkeeper.rb:19
Completed 400 Bad Request in 14ms (Views: 0.2ms | ActiveRecord: 0.8ms)


